[1111/095924.083:ERROR:crash_report_database_win.cc(428)] unexpected header
[1112/050409.167:ERROR:crash_report_database_win.cc(428)] unexpected header
[1112/052846.631:ERROR:crash_report_database_win.cc(428)] unexpected header
[1112/053244.651:ERROR:crash_report_database_win.cc(428)] unexpected header
[1112/211844.023:ERROR:crash_report_database_win.cc(428)] unexpected header
[1113/122132.977:ERROR:crash_report_database_win.cc(428)] unexpected header
[1114/001055.567:ERROR:crash_report_database_win.cc(428)] unexpected header
[1114/001624.909:ERROR:crash_report_database_win.cc(428)] unexpected header
[1115/120853.900:ERROR:crash_report_database_win.cc(428)] unexpected header[0412/193009.086:ERROR:http_transport_win.cc(276)] WinHttpSendRequest: The operation completed successfully. (0x0)
[0424/105230.257:ERROR:http_transport_win.cc(276)] WinHttpSendRequest: The operation completed successfully. (0x0)
[0427/145350.220:ERROR:process_info.cc(359)] UncheckedAllocate
[0501/080226.086:ERROR:http_transport_win.cc(276)] WinHttpSendRequest: The operation completed successfully. (0x0)
[0507/132218.669:ERROR:process_reader_win.cc(123)] NtOpenThread: {Access Denied} A process has requested access to an object, but has not been granted those access rights. (0xc0000022)
[0507/132218.675:ERROR:exception_snapshot_win.cc(98)] thread ID 3348 not found in process
[0531/111805.776:ERROR:process_info.cc(359)] UncheckedAllocate
[0602/113444.737:ERROR:process_info.cc(359)] UncheckedAllocate
[0721/131309.541:ERROR:process_reader_win.cc(123)] NtOpenThread: {Access Denied} A process has requested access to an object, but has not been granted those access rights. (0xc0000022)
[0721/131309.545:ERROR:exception_snapshot_win.cc(98)] thread ID 6708 not found in process
[0808/114438.520:ERROR:process_reader_win.cc(151)] SuspendThread: Access is denied. (0x5)
[0808/114438.523:ERROR:process_reader_win.cc(151)] SuspendThread: Access is denied. (0x5)
[0808/114438.523:ERROR:process_reader_win.cc(151)] SuspendThread: Access is denied. (0x5)
[0808/114438.523:ERROR:process_reader_win.cc(151)] SuspendThread: Access is denied. (0x5)
[0808/114438.523:ERROR:process_reader_win.cc(151)] SuspendThread: Access is denied. (0x5)
[0808/114438.523:ERROR:process_reader_win.cc(151)] SuspendThread: Access is denied. (0x5)
[0808/114438.523:ERROR:process_reader_win.cc(151)] SuspendThread: Access is denied. (0x5)
[0808/114438.523:ERROR:process_reader_win.cc(151)] SuspendThread: Access is denied. (0x5)
[0808/114438.523:ERROR:process_reader_win.cc(151)] SuspendThread: Access is denied. (0x5)
[0808/114438.523:ERROR:process_reader_win.cc(151)] SuspendThread: Access is denied. (0x5)
[0808/114438.523:ERROR:process_reader_win.cc(151)] SuspendThread: Access is denied. (0x5)
[0808/114438.523:ERROR:process_reader_win.cc(151)] SuspendThread: Access is denied. (0x5)
[0808/114438.523:ERROR:process_reader_win.cc(151)] SuspendThread: Access is denied. (0x5)
[0808/114438.523:ERROR:process_reader_win.cc(123)] NtOpenThread: {Access Denied} A process has requested access to an object, but has not been granted those access rights. (0xc0000022)
[0808/114438.525:ERROR:exception_snapshot_win.cc(98)] thread ID 4976 not found in process
[0808/114438.536:ERROR:process_reader_win.cc(151)] SuspendThread: Access is denied. (0x5)
[0808/114438.536:ERROR:process_reader_win.cc(151)] SuspendThread: Access is denied. (0x5)
[0808/114438.536:ERROR:process_reader_win.cc(151)] SuspendThread: Access is denied. (0x5)
[0808/114438.536:ERROR:process_reader_win.cc(151)] SuspendThread: Access is denied. (0x5)
[0808/114438.536:ERROR:process_reader_win.cc(151)] SuspendThread: Access is denied. (0x5)
[0808/114438.537:ERROR:process_reader_win.cc(151)] SuspendThread: Access is denied. (0x5)
[0808/114438.537:ERROR:process_reader_win.cc(151)] SuspendThread: Access is denied. (0x5)
[0808/114438.537:ERROR:process_reader_win.cc(151)] SuspendThread: Access is denied. (0x5)
[0808/114438.537:ERROR:process_reader_win.cc(151)] SuspendThread: Access is denied. (0x5)
[0808/114438.537:ERROR:process_reader_win.cc(151)] SuspendThread: Access is denied. (0x5)
[0808/114438.537:ERROR:process_reader_win.cc(151)] SuspendThread: Access is denied. (0x5)
[0808/114438.537:ERROR:process_reader_win.cc(151)] SuspendThread: Access is denied. (0x5)
[0808/114438.537:ERROR:process_reader_win.cc(151)] SuspendThread: Access is denied. (0x5)
[0808/114438.537:ERROR:process_reader_win.cc(151)] SuspendThread: Access is denied. (0x5)
[0808/114438.537:ERROR:process_reader_win.cc(151)] SuspendThread: Access is denied. (0x5)
[0808/114438.537:ERROR:process_reader_win.cc(151)] SuspendThread: Access is denied. (0x5)
[0808/114438.537:ERROR:process_reader_win.cc(151)] SuspendThread: Access is denied. (0x5)
[0808/114438.537:ERROR:process_reader_win.cc(151)] SuspendThread: Access is denied. (0x5)
[0808/114438.537:ERROR:process_reader_win.cc(123)] NtOpenThread: {Access Denied} A process has requested access to an object, but has not been granted those access rights. (0xc0000022)
[0808/114438.537:ERROR:exception_snapshot_win.cc(98)] thread ID 12492 not found in process
[0808/114438.565:ERROR:process_reader_win.cc(151)] SuspendThread: Access is denied. (0x5)
[0808/114438.565:ERROR:process_reader_win.cc(151)] SuspendThread: Access is denied. (0x5)
[0808/114438.565:ERROR:process_reader_win.cc(151)] SuspendThread: Access is denied. (0x5)
[0808/114438.565:ERROR:process_reader_win.cc(151)] SuspendThread: Access is denied. (0x5)
[0808/114438.565:ERROR:process_reader_win.cc(151)] SuspendThread: Access is denied. (0x5)
[0808/114438.566:ERROR:process_reader_win.cc(151)] SuspendThread: Access is denied. (0x5)
[0808/114438.566:ERROR:process_reader_win.cc(151)] SuspendThread: Access is denied. (0x5)
[0808/114438.566:ERROR:process_reader_win.cc(151)] SuspendThread: Access is denied. (0x5)
[0808/114438.566:ERROR:process_reader_win.cc(151)] SuspendThread: Access is denied. (0x5)
[0808/114438.566:ERROR:process_reader_win.cc(151)] SuspendThread: Access is denied. (0x5)
[0808/114438.566:ERROR:process_reader_win.cc(151)] SuspendThread: Access is denied. (0x5)
[0808/114438.566:ERROR:process_reader_win.cc(151)] SuspendThread: Access is denied. (0x5)
[0808/114438.566:ERROR:process_reader_win.cc(151)] SuspendThread: Access is denied. (0x5)
[0808/114438.566:ERROR:process_reader_win.cc(151)] SuspendThread: Access is denied. (0x5)
[0808/114438.566:ERROR:process_reader_win.cc(151)] SuspendThread: Access is denied. (0x5)
[0808/114438.566:ERROR:process_reader_win.cc(123)] NtOpenThread: {Access Denied} A process has requested access to an object, but has not been granted those access rights. (0xc0000022)
[0808/114438.566:ERROR:exception_snapshot_win.cc(98)] thread ID 5016 not found in process
[0808/114438.581:ERROR:process_reader_win.cc(151)] SuspendThread: Access is denied. (0x5)
[0808/114438.581:ERROR:process_reader_win.cc(151)] SuspendThread: Access is denied. (0x5)
[0808/114438.581:ERROR:process_reader_win.cc(151)] SuspendThread: Access is denied. (0x5)
[0808/114438.581:ERROR:process_reader_win.cc(151)] SuspendThread: Access is denied. (0x5)
[0808/114438.581:ERROR:process_reader_win.cc(151)] SuspendThread: Access is denied. (0x5)
[0808/114438.581:ERROR:process_reader_win.cc(151)] SuspendThread: Access is denied. (0x5)
[0808/114438.581:ERROR:process_reader_win.cc(151)] SuspendThread: Access is denied. (0x5)
[0808/114438.581:ERROR:process_reader_win.cc(151)] SuspendThread: Access is denied. (0x5)
[0808/114438.581:ERROR:process_reader_win.cc(151)] SuspendThread: Access is denied. (0x5)
[0808/114438.581:ERROR:process_reader_win.cc(151)] SuspendThread: Access is denied. (0x5)
[0808/114438.581:ERROR:process_reader_win.cc(151)] SuspendThread: Access is denied. (0x5)
[0808/114438.581:ERROR:process_reader_win.cc(123)] NtOpenThread: {Access Denied} A process has requested access to an object, but has not been granted those access rights. (0xc0000022)
[0808/114438.581:ERROR:exception_snapshot_win.cc(98)] thread ID 10700 not found in process
