[debug] [2019-11-25T06:36:24.071Z] ----------------------------------------------------------------------
[debug] [2019-11-25T06:36:24.088Z] Command:       C:\Program Files\nodejs\node.exe C:\Users\USER3\AppData\Roaming\npm\node_modules\firebase-tools\lib\bin\firebase.js init
[debug] [2019-11-25T06:36:24.089Z] CLI Version:   7.5.0
[debug] [2019-11-25T06:36:24.089Z] Platform:      win32
[debug] [2019-11-25T06:36:24.089Z] Node Version:  v12.8.1
[debug] [2019-11-25T06:36:24.105Z] Time:          Mon Nov 25 2019 07:36:24 GMT+0100 (West Africa Standard Time)
[debug] [2019-11-25T06:36:24.105Z] ----------------------------------------------------------------------
[debug] 
[debug] [2019-11-25T06:36:24.206Z] > command requires scopes: ["email","openid","https://www.googleapis.com/auth/cloudplatformprojects.readonly","https://www.googleapis.com/auth/firebase","https://www.googleapis.com/auth/cloud-platform"]
[debug] [2019-11-25T06:36:24.209Z] > authorizing via signed-in user
[info] 
     ######## #### ########  ######## ########     ###     ######  ########
     ##        ##  ##     ## ##       ##     ##  ##   ##  ##       ##
     ######    ##  ########  ######   ########  #########  ######  ######
     ##        ##  ##    ##  ##       ##     ## ##     ##       ## ##
     ##       #### ##     ## ######## ########  ##     ##  ######  ########

You're about to initialize a Firebase project in this directory:

  C:\Users\USER3\Desktop\colab\colab-client

Before we get started, keep in mind:

  * You are initializing in an existing Firebase project directory

[info] 
=== Project Setup
[info] 
[info] First, let's associate this project directory with a Firebase project.
[info] You can create multiple project aliases by running firebase use --add, 
[info] but for now we'll just set up a default project.
[info] 
[info] i  .firebaserc already has a default project, using colabinc-7fd69.
[debug] [2019-11-25T06:36:37.452Z] > refreshing access token with scopes: ["email","https://www.googleapis.com/auth/cloud-platform","https://www.googleapis.com/auth/cloudplatformprojects.readonly","https://www.googleapis.com/auth/firebase","openid"]
[debug] [2019-11-25T06:36:37.455Z] >>> HTTP REQUEST POST https://www.googleapis.com/oauth2/v3/token  
 <request body omitted>
[debug] [2019-11-25T06:36:38.303Z] <<< HTTP RESPONSE 200
[debug] [2019-11-25T06:36:38.341Z] >>> HTTP REQUEST GET https://firebase.googleapis.com/v1beta1/projects/colabinc-7fd69  
 
[debug] [2019-11-25T06:36:39.441Z] <<< HTTP RESPONSE 200
[info] 
=== Hosting Setup
[info] 
[info] Your public directory is the folder (relative to your project directory) that
[info] will contain Hosting assets to be uploaded with firebase deploy. If you
[info] have a build process for your assets, use your build's output directory.
[info] 
[debug] [2019-11-25T06:36:58.873Z] >>> HTTP REQUEST GET https://www.gstatic.com/firebasejs/releases.json  
 
[debug] [2019-11-25T06:37:13.476Z] Error: getaddrinfo ENOTFOUND www.gstatic.com
    at GetAddrInfoReqWrap.onlookup [as oncomplete] (dns.js:60:26)
[error] 
[error] Error: Server Error. getaddrinfo ENOTFOUND www.gstatic.com
