Arguments: 
  C:\Program Files\nodejs\node.exe C:\Program Files (x86)\Yarn\bin\yarn.js install

PATH: 
  C:\Program Files\Git\mingw64\bin;C:\Program Files\Git\usr\bin;C:\Users\ceofred\bin;C:\WINDOWS\system32;C:\WINDOWS;C:\WINDOWS\System32\Wbem;C:\WINDOWS\System32\WindowsPowerShell\v1.0;C:\Program Files\Git\cmd;C:\Program Files\nodejs;C:\Program Files (x86)\Yarn\bin;C:\ProgramData\ComposerSetup\bin;C:\Users\ceofred\AppData\Roaming\npm;C:\Users\ceofred\AppData\Local\Programs\Microsoft VS Code\bin;C:\Users\ceofred\AppData\Local\Yarn\bin;C:\Program Files\MongoDB\Server\4.0\bin;C:\xampp\php;C:\Users\ceofred\AppData\Roaming\Composer\vendor\bin

Yarn version: 
  1.13.0

Node version: 
  10.15.3

Platform: 
  win32 x64

Trace: 
  Error: getaddrinfo ENOTFOUND registry.yarnpkg.com registry.yarnpkg.com:443
      at GetAddrInfoReqWrap.onlookup [as oncomplete] (dns.js:56:26)

npm manifest: 
  {
    "name": "fixbot_api",
    "version": "1.0.0",
    "description": "Expres.js api for fixbot",
    "main": "index.js",
    "scripts": {
      "test": "echo \"Error: no test specified\" && exit 1",
      "start": "nodemon server.js"
    },
    "keywords": [
      "node",
      "resful"
    ],
    "author": "codemon",
    "license": "ISC",
    "dependencies": {
      "bcrypt": "^3.0.2",
      "body-parser": "^1.18.3",
      "cors": "^2.8.5",
      "express": "^4.16.4",
      "express-validator": "^5.3.1",
      "jsonwebtoken": "^8.4.0",
      "mongoose": "^5.3.15",
      "morgan": "^1.9.1",
      "multer": "^1.4.1",
      "nodemon": "^1.18.8"
    }
  }

yarn manifest: 
  No manifest

Lockfile: 
  No lockfile
